<?xml version="1.0" encoding="UTF-8"?>
<!-- Generated by org.testng.reporters.JUnitReportReporter -->
<testsuite hostname="DESKTOP-64S44NK" failures="0" tests="1" name="features.ProfileUpdate" time="15.438" errors="0" timestamp="2025-03-18T14:59:28 IST" skipped="0">
  <testcase classname="features.ProfileUpdate" name="updateProfile" time="15.438"/>
</testsuite> <!-- features.ProfileUpdate -->
