<?xml version="1.0" encoding="UTF-8"?>
<!-- Generated by org.testng.reporters.JUnitReportReporter -->
<testsuite hostname="DESKTOP-64S44NK" failures="0" tests="1" name="features.ProfileUpdate" time="11.972" errors="0" timestamp="2025-03-19T22:33:36 IST" skipped="0">
  <testcase classname="features.ProfileUpdate" name="updateProfile" time="11.972"/>
</testsuite> <!-- features.ProfileUpdate -->
